mode: set
github.com/Shobhitdimri01/Bookings/internal/handlers/handlers.go:26.46,30.2 1 1
github.com/Shobhitdimri01/Bookings/internal/handlers/handlers.go:34.32,36.2 1 1
github.com/Shobhitdimri01/Bookings/internal/handlers/handlers.go:43.67,48.2 3 1
github.com/Shobhitdimri01/Bookings/internal/handlers/handlers.go:51.68,63.2 5 1
github.com/Shobhitdimri01/Bookings/internal/handlers/handlers.go:66.74,75.2 4 1
github.com/Shobhitdimri01/Bookings/internal/handlers/handlers.go:78.78,80.16 2 1
github.com/Shobhitdimri01/Bookings/internal/handlers/handlers.go:85.2,99.19 7 1
github.com/Shobhitdimri01/Bookings/internal/handlers/handlers.go:109.2,110.54 2 1
github.com/Shobhitdimri01/Bookings/internal/handlers/handlers.go:80.16,83.3 2 0
github.com/Shobhitdimri01/Bookings/internal/handlers/handlers.go:99.19,107.3 4 0
github.com/Shobhitdimri01/Bookings/internal/handlers/handlers.go:114.69,116.2 1 1
github.com/Shobhitdimri01/Bookings/internal/handlers/handlers.go:119.68,121.2 1 1
github.com/Shobhitdimri01/Bookings/internal/handlers/handlers.go:124.75,126.2 1 1
github.com/Shobhitdimri01/Bookings/internal/handlers/handlers.go:130.79,135.2 3 1
github.com/Shobhitdimri01/Bookings/internal/handlers/handlers.go:144.79,150.16 3 1
github.com/Shobhitdimri01/Bookings/internal/handlers/handlers.go:155.2,156.14 2 1
github.com/Shobhitdimri01/Bookings/internal/handlers/handlers.go:150.16,152.3 1 0
github.com/Shobhitdimri01/Bookings/internal/handlers/handlers.go:161.70,163.2 1 1
github.com/Shobhitdimri01/Bookings/internal/handlers/handlers.go:166.81,169.9 2 1
github.com/Shobhitdimri01/Bookings/internal/handlers/handlers.go:176.2,183.4 4 0
github.com/Shobhitdimri01/Bookings/internal/handlers/handlers.go:169.9,174.3 4 1
